<?xml version="1.0" encoding="UTF-8"?>
<!-- Generated by org.testng.reporters.JUnitReportReporter -->
<testsuite hostname="II5WS0914-39" name="MavenDemo.Testfacebook" tests="1" failures="0" timestamp="7 Nov 2016 04:55:57 GMT" time="8.379" errors="0">
  <testcase name="TestFireFox" time="8.379" classname="MavenDemo.Testfacebook"/>
</testsuite> <!-- MavenDemo.Testfacebook -->
